# JRE version: OpenJDK Runtime Environment Temurin-17.0.4.1+1 (17.0.4.1+1) (build 17.0.4.1+1)
# Java VM: OpenJDK 64-Bit Server VM Temurin-17.0.4.1+1 (17.0.4.1+1, mixed mode, tiered, compressed oops, compressed class ptrs, g1 gc, windows-amd64)
GC Precious Log:
 CPUs: 4 total, 4 available
 Memory: 8062M
 Large Page Support: Disabled
 NUMA Support: Disabled
 Compressed Oops: Enabled (32-bit)
 Heap Region Size: 1M
 Heap Min Capacity: 8M
 Heap Initial Capacity: 126M
 Heap Max Capacity: 2016M
 Pre-touch: Disabled
 Parallel Workers: 4
 Concurrent Workers: 1
 Concurrent Refinement Workers: 4
 Periodic GC: Disabled
Heap:
 garbage-first heap   total 75776K, used 42223K [0x0000000082000000, 0x0000000100000000)
  region size 1024K, 3 young (3072K), 3 survivors (3072K)
 Metaspace       used 63163K, committed 63552K, reserved 1105920K
  class space    used 8123K, committed 8320K, reserved 1048576K
GC Heap History (20 events):
Event: 4.200 GC heap after
{Heap after GC invocations=17 (full 0):
 garbage-first heap   total 40960K, used 20298K [0x0000000082000000, 0x0000000100000000)
  region size 1024K, 2 young (2048K), 2 survivors (2048K)
 Metaspace       used 52955K, committed 53312K, reserved 1097728K
  class space    used 6706K, committed 6848K, reserved 1048576K
}
Event: 4.515 GC heap before
{Heap before GC invocations=17 (full 0):
 garbage-first heap   total 40960K, used 31562K [0x0000000082000000, 0x0000000100000000)
  region size 1024K, 14 young (14336K), 2 survivors (2048K)
 Metaspace       used 55818K, committed 56192K, reserved 1105920K
  class space    used 7184K, committed 7360K, reserved 1048576K
}
Event: 4.517 GC heap after
{Heap after GC invocations=18 (full 0):
 garbage-first heap   total 49152K, used 20952K [0x0000000082000000, 0x0000000100000000)
  region size 1024K, 2 young (2048K), 2 survivors (2048K)
 Metaspace       used 55818K, committed 56192K, reserved 1105920K
  class space    used 7184K, committed 7360K, reserved 1048576K
}
Event: 4.880 GC heap before
{Heap before GC invocations=19 (full 0):
 garbage-first heap   total 49152K, used 38360K [0x0000000082000000, 0x0000000100000000)
  region size 1024K, 19 young (19456K), 2 survivors (2048K)
 Metaspace       used 58534K, committed 58816K, reserved 1105920K
  class space    used 7564K, committed 7680K, reserved 1048576K
}
Event: 4.883 GC heap after
{Heap after GC invocations=20 (full 0):
 garbage-first heap   total 49152K, used 22539K [0x0000000082000000, 0x0000000100000000)
  region size 1024K, 3 young (3072K), 3 survivors (3072K)
 Metaspace       used 58534K, committed 58816K, reserved 1105920K
  class space    used 7564K, committed 7680K, reserved 1048576K
}
Event: 5.107 GC heap before
{Heap before GC invocations=20 (full 0):
 garbage-first heap   total 49152K, used 38923K [0x0000000082000000, 0x0000000100000000)
  region size 1024K, 19 young (19456K), 3 survivors (3072K)
 Metaspace       used 59840K, committed 60224K, reserved 1105920K
  class space    used 7723K, committed 7872K, reserved 1048576K
}
Event: 5.111 GC heap after
{Heap after GC invocations=21 (full 0):
 garbage-first heap   total 49152K, used 23778K [0x0000000082000000, 0x0000000100000000)
  region size 1024K, 3 young (3072K), 3 survivors (3072K)
 Metaspace       used 59840K, committed 60224K, reserved 1105920K
  class space    used 7723K, committed 7872K, reserved 1048576K
}
Event: 5.432 GC heap before
{Heap before GC invocations=21 (full 0):
 garbage-first heap   total 49152K, used 39138K [0x0000000082000000, 0x0000000100000000)
  region size 1024K, 18 young (18432K), 3 survivors (3072K)
 Metaspace       used 62331K, committed 62720K, reserved 1105920K
  class space    used 8044K, committed 8256K, reserved 1048576K
}
Event: 5.436 GC heap after
{Heap after GC invocations=22 (full 0):
 garbage-first heap   total 49152K, used 25328K [0x0000000082000000, 0x0000000100000000)
  region size 1024K, 3 young (3072K), 3 survivors (3072K)
 Metaspace       used 62331K, committed 62720K, reserved 1105920K
  class space    used 8044K, committed 8256K, reserved 1048576K
}
Event: 5.511 GC heap before
{Heap before GC invocations=22 (full 0):
 garbage-first heap   total 49152K, used 29424K [0x0000000082000000, 0x0000000100000000)
  region size 1024K, 8 young (8192K), 3 survivors (3072K)
 Metaspace       used 62941K, committed 63360K, reserved 1105920K
  class space    used 8110K, committed 8320K, reserved 1048576K
}
Event: 5.516 GC heap after
{Heap after GC invocations=23 (full 0):
 garbage-first heap   total 49152K, used 26158K [0x0000000082000000, 0x0000000100000000)
  region size 1024K, 1 young (1024K), 1 survivors (1024K)
 Metaspace       used 62941K, committed 63360K, reserved 1105920K
  class space    used 8110K, committed 8320K, reserved 1048576K
}
Event: 5.613 GC heap before
{Heap before GC invocations=24 (full 0):
 garbage-first heap   total 55296K, used 39470K [0x0000000082000000, 0x0000000100000000)
  region size 1024K, 14 young (14336K), 1 survivors (1024K)
 Metaspace       used 62995K, committed 63424K, reserved 1105920K
  class space    used 8110K, committed 8320K, reserved 1048576K
}
Event: 5.617 GC heap after
{Heap after GC invocations=25 (full 0):
 garbage-first heap   total 55296K, used 28904K [0x0000000082000000, 0x0000000100000000)
  region size 1024K, 2 young (2048K), 2 survivors (2048K)
 Metaspace       used 62995K, committed 63424K, reserved 1105920K
  class space    used 8110K, committed 8320K, reserved 1048576K
}
Event: 5.702 GC heap before
{Heap before GC invocations=25 (full 0):
 garbage-first heap   total 55296K, used 41192K [0x0000000082000000, 0x0000000100000000)
  region size 1024K, 15 young (15360K), 2 survivors (2048K)
 Metaspace       used 63021K, committed 63424K, reserved 1105920K
  class space    used 8112K, committed 8320K, reserved 1048576K
}
Event: 5.706 GC heap after
{Heap after GC invocations=26 (full 0):
 garbage-first heap   total 55296K, used 32702K [0x0000000082000000, 0x0000000100000000)
  region size 1024K, 2 young (2048K), 2 survivors (2048K)
 Metaspace       used 63021K, committed 63424K, reserved 1105920K
  class space    used 8112K, committed 8320K, reserved 1048576K
}
Event: 5.823 GC heap before
{Heap before GC invocations=27 (full 0):
 garbage-first heap   total 61440K, used 38846K [0x0000000082000000, 0x0000000100000000)
  region size 1024K, 9 young (9216K), 2 survivors (2048K)
 Metaspace       used 63122K, committed 63552K, reserved 1105920K
  class space    used 8123K, committed 8320K, reserved 1048576K
}
Event: 5.827 GC heap after
{Heap after GC invocations=28 (full 0):
 garbage-first heap   total 61440K, used 34730K [0x0000000082000000, 0x0000000100000000)
  region size 1024K, 2 young (2048K), 2 survivors (2048K)
 Metaspace       used 63122K, committed 63552K, reserved 1105920K
  class space    used 8123K, committed 8320K, reserved 1048576K
}
Event: 5.898 GC heap before
{Heap before GC invocations=29 (full 0):
 garbage-first heap   total 75776K, used 47018K [0x0000000082000000, 0x0000000100000000)
  region size 1024K, 13 young (13312K), 2 survivors (2048K)
 Metaspace       used 63153K, committed 63552K, reserved 1105920K
  class space    used 8123K, committed 8320K, reserved 1048576K
}
Event: 5.901 GC heap after
{Heap after GC invocations=30 (full 0):
 garbage-first heap   total 75776K, used 37546K [0x0000000082000000, 0x0000000100000000)
  region size 1024K, 2 young (2048K), 2 survivors (2048K)
 Metaspace       used 63153K, committed 63552K, reserved 1105920K
  class space    used 8123K, committed 8320K, reserved 1048576K
}
Event: 5.952 GC heap before
{Heap before GC invocations=30 (full 0):
 garbage-first heap   total 75776K, used 52906K [0x0000000082000000, 0x0000000100000000)
  region size 1024K, 18 young (18432K), 2 survivors (2048K)
 Metaspace       used 63163K, committed 63552K, reserved 1105920K
  class space    used 8123K, committed 8320K, reserved 1048576K
}

