# JRE version: OpenJDK Runtime Environment Temurin-17.0.4.1+1 (17.0.4.1+1) (build 17.0.4.1+1)
# Java VM: OpenJDK 64-Bit Server VM Temurin-17.0.4.1+1 (17.0.4.1+1, mixed mode, tiered, compressed oops, compressed class ptrs, g1 gc, windows-amd64)
GC Precious Log:
 CPUs: 4 total, 4 available
 Memory: 8062M
 Large Page Support: Disabled
 NUMA Support: Disabled
 Compressed Oops: Enabled (32-bit)
 Heap Region Size: 1M
 Heap Min Capacity: 8M
 Heap Initial Capacity: 126M
 Heap Max Capacity: 2016M
 Pre-touch: Disabled
 Parallel Workers: 4
 Concurrent Workers: 1
 Concurrent Refinement Workers: 4
 Periodic GC: Disabled
Heap:
 garbage-first heap   total 113664K, used 56409K [0x0000000082000000, 0x0000000100000000)
  region size 1024K, 16 young (16384K), 3 survivors (3072K)
 Metaspace       used 63157K, committed 63552K, reserved 1105920K
  class space    used 8119K, committed 8320K, reserved 1048576K
GC Heap History (20 events):
Event: 2.876 GC heap before
{Heap before GC invocations=13 (full 0):
 garbage-first heap   total 37888K, used 26907K [0x0000000082000000, 0x0000000100000000)
  region size 1024K, 13 young (13312K), 1 survivors (1024K)
 Metaspace       used 38622K, committed 38976K, reserved 1089536K
  class space    used 4625K, committed 4800K, reserved 1048576K
}
Event: 2.880 GC heap after
{Heap after GC invocations=14 (full 0):
 garbage-first heap   total 37888K, used 17359K [0x0000000082000000, 0x0000000100000000)
  region size 1024K, 2 young (2048K), 2 survivors (2048K)
 Metaspace       used 38622K, committed 38976K, reserved 1089536K
  class space    used 4625K, committed 4800K, reserved 1048576K
}
Event: 3.068 GC heap before
{Heap before GC invocations=14 (full 0):
 garbage-first heap   total 37888K, used 27599K [0x0000000082000000, 0x0000000100000000)
  region size 1024K, 13 young (13312K), 2 survivors (2048K)
 Metaspace       used 39642K, committed 39936K, reserved 1089536K
  class space    used 4774K, committed 4928K, reserved 1048576K
}
Event: 3.071 GC heap after
{Heap after GC invocations=15 (full 0):
 garbage-first heap   total 67584K, used 18108K [0x0000000082000000, 0x0000000100000000)
  region size 1024K, 1 young (1024K), 1 survivors (1024K)
 Metaspace       used 39642K, committed 39936K, reserved 1089536K
  class space    used 4774K, committed 4928K, reserved 1048576K
}
Event: 3.875 GC heap before
{Heap before GC invocations=15 (full 0):
 garbage-first heap   total 67584K, used 49852K [0x0000000082000000, 0x0000000100000000)
  region size 1024K, 32 young (32768K), 1 survivors (1024K)
 Metaspace       used 49048K, committed 49408K, reserved 1097728K
  class space    used 6143K, committed 6336K, reserved 1048576K
}
Event: 3.879 GC heap after
{Heap after GC invocations=16 (full 0):
 garbage-first heap   total 67584K, used 19928K [0x0000000082000000, 0x0000000100000000)
  region size 1024K, 3 young (3072K), 3 survivors (3072K)
 Metaspace       used 49048K, committed 49408K, reserved 1097728K
  class space    used 6143K, committed 6336K, reserved 1048576K
}
Event: 4.653 GC heap before
{Heap before GC invocations=16 (full 0):
 garbage-first heap   total 67584K, used 50648K [0x0000000082000000, 0x0000000100000000)
  region size 1024K, 33 young (33792K), 3 survivors (3072K)
 Metaspace       used 56623K, committed 56960K, reserved 1105920K
  class space    used 7269K, committed 7424K, reserved 1048576K
}
Event: 4.658 GC heap after
{Heap after GC invocations=17 (full 0):
 garbage-first heap   total 67584K, used 22235K [0x0000000082000000, 0x0000000100000000)
  region size 1024K, 5 young (5120K), 5 survivors (5120K)
 Metaspace       used 56623K, committed 56960K, reserved 1105920K
  class space    used 7269K, committed 7424K, reserved 1048576K
}
Event: 5.159 GC heap before
{Heap before GC invocations=17 (full 0):
 garbage-first heap   total 67584K, used 50907K [0x0000000082000000, 0x0000000100000000)
  region size 1024K, 34 young (34816K), 5 survivors (5120K)
 Metaspace       used 60294K, committed 60608K, reserved 1105920K
  class space    used 7752K, committed 7872K, reserved 1048576K
}
Event: 5.165 GC heap after
{Heap after GC invocations=18 (full 0):
 garbage-first heap   total 67584K, used 24260K [0x0000000082000000, 0x0000000100000000)
  region size 1024K, 5 young (5120K), 5 survivors (5120K)
 Metaspace       used 60294K, committed 60608K, reserved 1105920K
  class space    used 7752K, committed 7872K, reserved 1048576K
}
Event: 5.627 GC heap before
{Heap before GC invocations=19 (full 0):
 garbage-first heap   total 67584K, used 52932K [0x0000000082000000, 0x0000000100000000)
  region size 1024K, 32 young (32768K), 5 survivors (5120K)
 Metaspace       used 62877K, committed 63296K, reserved 1105920K
  class space    used 8106K, committed 8320K, reserved 1048576K
}
Event: 5.633 GC heap after
{Heap after GC invocations=20 (full 0):
 garbage-first heap   total 67584K, used 29096K [0x0000000082000000, 0x0000000100000000)
  region size 1024K, 4 young (4096K), 4 survivors (4096K)
 Metaspace       used 62877K, committed 63296K, reserved 1105920K
  class space    used 8106K, committed 8320K, reserved 1048576K
}
Event: 5.788 GC heap before
{Heap before GC invocations=20 (full 0):
 garbage-first heap   total 67584K, used 50600K [0x0000000082000000, 0x0000000100000000)
  region size 1024K, 26 young (26624K), 4 survivors (4096K)
 Metaspace       used 63041K, committed 63488K, reserved 1105920K
  class space    used 8116K, committed 8320K, reserved 1048576K
}
Event: 5.795 GC heap after
{Heap after GC invocations=21 (full 0):
 garbage-first heap   total 67584K, used 34461K [0x0000000082000000, 0x0000000100000000)
  region size 1024K, 4 young (4096K), 4 survivors (4096K)
 Metaspace       used 63041K, committed 63488K, reserved 1105920K
  class space    used 8116K, committed 8320K, reserved 1048576K
}
Event: 5.820 GC heap before
{Heap before GC invocations=21 (full 0):
 garbage-first heap   total 67584K, used 36509K [0x0000000082000000, 0x0000000100000000)
  region size 1024K, 7 young (7168K), 4 survivors (4096K)
 Metaspace       used 63089K, committed 63488K, reserved 1105920K
  class space    used 8119K, committed 8320K, reserved 1048576K
}
Event: 5.823 GC heap after
{Heap after GC invocations=22 (full 0):
 garbage-first heap   total 67584K, used 35888K [0x0000000082000000, 0x0000000100000000)
  region size 1024K, 1 young (1024K), 1 survivors (1024K)
 Metaspace       used 63089K, committed 63488K, reserved 1105920K
  class space    used 8119K, committed 8320K, reserved 1048576K
}
Event: 5.912 GC heap before
{Heap before GC invocations=23 (full 0):
 garbage-first heap   total 75776K, used 52272K [0x0000000082000000, 0x0000000100000000)
  region size 1024K, 17 young (17408K), 1 survivors (1024K)
 Metaspace       used 63124K, committed 63552K, reserved 1105920K
  class space    used 8119K, committed 8320K, reserved 1048576K
}
Event: 5.916 GC heap after
{Heap after GC invocations=24 (full 0):
 garbage-first heap   total 75776K, used 39345K [0x0000000082000000, 0x0000000100000000)
  region size 1024K, 3 young (3072K), 3 survivors (3072K)
 Metaspace       used 63124K, committed 63552K, reserved 1105920K
  class space    used 8119K, committed 8320K, reserved 1048576K
}
Event: 6.002 GC heap before
{Heap before GC invocations=24 (full 0):
 garbage-first heap   total 75776K, used 53681K [0x0000000082000000, 0x0000000100000000)
  region size 1024K, 19 young (19456K), 3 survivors (3072K)
 Metaspace       used 63151K, committed 63552K, reserved 1105920K
  class space    used 8119K, committed 8320K, reserved 1048576K
}
Event: 6.007 GC heap after
{Heap after GC invocations=25 (full 0):
 garbage-first heap   total 113664K, used 44121K [0x0000000082000000, 0x0000000100000000)
  region size 1024K, 3 young (3072K), 3 survivors (3072K)
 Metaspace       used 63151K, committed 63552K, reserved 1105920K
  class space    used 8119K, committed 8320K, reserved 1048576K
}

