# JRE version: OpenJDK Runtime Environment Temurin-17.0.4.1+1 (17.0.4.1+1) (build 17.0.4.1+1)
# Java VM: OpenJDK 64-Bit Server VM Temurin-17.0.4.1+1 (17.0.4.1+1, mixed mode, tiered, compressed oops, compressed class ptrs, g1 gc, windows-amd64)
GC Precious Log:
 CPUs: 4 total, 4 available
 Memory: 8062M
 Large Page Support: Disabled
 NUMA Support: Disabled
 Compressed Oops: Enabled (32-bit)
 Heap Region Size: 1M
 Heap Min Capacity: 8M
 Heap Initial Capacity: 126M
 Heap Max Capacity: 2016M
 Pre-touch: Disabled
 Parallel Workers: 4
 Concurrent Workers: 1
 Concurrent Refinement Workers: 4
 Periodic GC: Disabled
Heap:
 garbage-first heap   total 129024K, used 46561K [0x0000000082000000, 0x0000000100000000)
  region size 1024K, 3 young (3072K), 3 survivors (3072K)
 Metaspace       used 63779K, committed 64128K, reserved 1105920K
  class space    used 8187K, committed 8384K, reserved 1048576K
GC Heap History (20 events):
Event: 5.012 GC heap after
{Heap after GC invocations=20 (full 0):
 garbage-first heap   total 46080K, used 24107K [0x0000000082000000, 0x0000000100000000)
  region size 1024K, 1 young (1024K), 1 survivors (1024K)
 Metaspace       used 59406K, committed 59776K, reserved 1105920K
  class space    used 7632K, committed 7808K, reserved 1048576K
}
Event: 5.243 GC heap before
{Heap before GC invocations=21 (full 0):
 garbage-first heap   total 46080K, used 37419K [0x0000000082000000, 0x0000000100000000)
  region size 1024K, 14 young (14336K), 1 survivors (1024K)
 Metaspace       used 61056K, committed 61504K, reserved 1105920K
  class space    used 7900K, committed 8128K, reserved 1048576K
}
Event: 5.246 GC heap after
{Heap after GC invocations=22 (full 0):
 garbage-first heap   total 46080K, used 25154K [0x0000000082000000, 0x0000000100000000)
  region size 1024K, 2 young (2048K), 2 survivors (2048K)
 Metaspace       used 61056K, committed 61504K, reserved 1105920K
  class space    used 7900K, committed 8128K, reserved 1048576K
}
Event: 5.469 GC heap before
{Heap before GC invocations=22 (full 0):
 garbage-first heap   total 46080K, used 35394K [0x0000000082000000, 0x0000000100000000)
  region size 1024K, 14 young (14336K), 2 survivors (2048K)
 Metaspace       used 62855K, committed 63232K, reserved 1105920K
  class space    used 8104K, committed 8320K, reserved 1048576K
}
Event: 5.472 GC heap after
{Heap after GC invocations=23 (full 0):
 garbage-first heap   total 46080K, used 26982K [0x0000000082000000, 0x0000000100000000)
  region size 1024K, 2 young (2048K), 2 survivors (2048K)
 Metaspace       used 62855K, committed 63232K, reserved 1105920K
  class space    used 8104K, committed 8320K, reserved 1048576K
}
Event: 5.565 GC heap before
{Heap before GC invocations=24 (full 0):
 garbage-first heap   total 58368K, used 37222K [0x0000000082000000, 0x0000000100000000)
  region size 1024K, 12 young (12288K), 2 survivors (2048K)
 Metaspace       used 62921K, committed 63360K, reserved 1105920K
  class space    used 8104K, committed 8320K, reserved 1048576K
}
Event: 5.568 GC heap after
{Heap after GC invocations=25 (full 0):
 garbage-first heap   total 58368K, used 29028K [0x0000000082000000, 0x0000000100000000)
  region size 1024K, 2 young (2048K), 2 survivors (2048K)
 Metaspace       used 62921K, committed 63360K, reserved 1105920K
  class space    used 8104K, committed 8320K, reserved 1048576K
}
Event: 5.647 GC heap before
{Heap before GC invocations=25 (full 0):
 garbage-first heap   total 58368K, used 43364K [0x0000000082000000, 0x0000000100000000)
  region size 1024K, 17 young (17408K), 2 survivors (2048K)
 Metaspace       used 62961K, committed 63360K, reserved 1105920K
  class space    used 8106K, committed 8320K, reserved 1048576K
}
Event: 5.650 GC heap after
{Heap after GC invocations=26 (full 0):
 garbage-first heap   total 58368K, used 32889K [0x0000000082000000, 0x0000000100000000)
  region size 1024K, 3 young (3072K), 3 survivors (3072K)
 Metaspace       used 62961K, committed 63360K, reserved 1105920K
  class space    used 8106K, committed 8320K, reserved 1048576K
}
Event: 5.751 GC heap before
{Heap before GC invocations=27 (full 0):
 garbage-first heap   total 63488K, used 39033K [0x0000000082000000, 0x0000000100000000)
  region size 1024K, 10 young (10240K), 3 survivors (3072K)
 Metaspace       used 63075K, committed 63488K, reserved 1105920K
  class space    used 8117K, committed 8320K, reserved 1048576K
}
Event: 5.754 GC heap after
{Heap after GC invocations=28 (full 0):
 garbage-first heap   total 76800K, used 35362K [0x0000000082000000, 0x0000000100000000)
  region size 1024K, 2 young (2048K), 2 survivors (2048K)
 Metaspace       used 63075K, committed 63488K, reserved 1105920K
  class space    used 8117K, committed 8320K, reserved 1048576K
}
Event: 5.821 GC heap before
{Heap before GC invocations=28 (full 0):
 garbage-first heap   total 76800K, used 53794K [0x0000000082000000, 0x0000000100000000)
  region size 1024K, 20 young (20480K), 2 survivors (2048K)
 Metaspace       used 63109K, committed 63552K, reserved 1105920K
  class space    used 8117K, committed 8320K, reserved 1048576K
}
Event: 5.826 GC heap after
{Heap after GC invocations=29 (full 0):
 garbage-first heap   total 76800K, used 39638K [0x0000000082000000, 0x0000000100000000)
  region size 1024K, 3 young (3072K), 3 survivors (3072K)
 Metaspace       used 63109K, committed 63552K, reserved 1105920K
  class space    used 8117K, committed 8320K, reserved 1048576K
}
Event: 5.926 GC heap before
{Heap before GC invocations=29 (full 0):
 garbage-first heap   total 76800K, used 52950K [0x0000000082000000, 0x0000000100000000)
  region size 1024K, 18 young (18432K), 3 survivors (3072K)
 Metaspace       used 63132K, committed 63552K, reserved 1105920K
  class space    used 8117K, committed 8320K, reserved 1048576K
}
Event: 5.932 GC heap after
{Heap after GC invocations=30 (full 0):
 garbage-first heap   total 76800K, used 44165K [0x0000000082000000, 0x0000000100000000)
  region size 1024K, 3 young (3072K), 3 survivors (3072K)
 Metaspace       used 63132K, committed 63552K, reserved 1105920K
  class space    used 8117K, committed 8320K, reserved 1048576K
}
Event: 6.013 GC heap before
{Heap before GC invocations=31 (full 0):
 garbage-first heap   total 86016K, used 56453K [0x0000000082000000, 0x0000000100000000)
  region size 1024K, 16 young (16384K), 3 survivors (3072K)
 Metaspace       used 63144K, committed 63552K, reserved 1105920K
  class space    used 8117K, committed 8320K, reserved 1048576K
}
Event: 6.017 GC heap after
{Heap after GC invocations=32 (full 0):
 garbage-first heap   total 86016K, used 46237K [0x0000000082000000, 0x0000000100000000)
  region size 1024K, 2 young (2048K), 2 survivors (2048K)
 Metaspace       used 63144K, committed 63552K, reserved 1105920K
  class space    used 8117K, committed 8320K, reserved 1048576K
}
Event: 6.017 GC heap before
{Heap before GC invocations=32 (full 0):
 garbage-first heap   total 86016K, used 48285K [0x0000000082000000, 0x0000000100000000)
  region size 1024K, 4 young (4096K), 2 survivors (2048K)
 Metaspace       used 63144K, committed 63552K, reserved 1105920K
  class space    used 8117K, committed 8320K, reserved 1048576K
}
Event: 6.020 GC heap after
{Heap after GC invocations=33 (full 0):
 garbage-first heap   total 86016K, used 41270K [0x0000000082000000, 0x0000000100000000)
  region size 1024K, 1 young (1024K), 1 survivors (1024K)
 Metaspace       used 63144K, committed 63552K, reserved 1105920K
  class space    used 8117K, committed 8320K, reserved 1048576K
}
Event: 6.191 GC heap before
{Heap before GC invocations=33 (full 0):
 garbage-first heap   total 86016K, used 60726K [0x0000000082000000, 0x0000000100000000)
  region size 1024K, 20 young (20480K), 1 survivors (1024K)
 Metaspace       used 63779K, committed 64128K, reserved 1105920K
  class space    used 8187K, committed 8384K, reserved 1048576K
}

